<?xml version="1.0" encoding="UTF-8"?>
<!-- Generated by org.testng.reporters.JUnitReportReporter -->
<testsuite skipped="1" hostname="Venkatesh" name="TestCases.homePage" tests="2" failures="0" timestamp="2020-11-13T16:14:04 IST" time="1.805" errors="1">
  <testcase name="homePage" time="0.000" classname="TestCases.homePage">
    <skipped/>
  </testcase> <!-- homePage -->
  <system-out/>
  <testcase name="setUp" time="1.805" classname="TestCases.homePage">
    <error type="org.openqa.selenium.InvalidArgumentException" message="invalid argument: entry 0 of &#039;firstMatch&#039; is invalid
from invalid argument: cannot parse capability: goog:chromeOptions
from invalid argument: unrecognized chrome option: Prefs
Build info: version: &#039;3.141.59&#039;, revision: &#039;e82be7d358&#039;, time: &#039;2018-11-14T08:17:03&#039;
System info: host: &#039;VENKATESH&#039;, ip: &#039;192.168.0.118&#039;, os.name: &#039;Windows 8.1&#039;, os.arch: &#039;amd64&#039;, os.version: &#039;6.3&#039;, java.version: &#039;1.8.0_151&#039;
Driver info: driver.version: ChromeDriver
remote stacktrace: Backtrace:
	Ordinal0 [0x014CC013+3194899]
	Ordinal0 [0x013B6021+2056225]
	Ordinal0 [0x0124F608+587272]
	Ordinal0 [0x011C814F+33103]
	Ordinal0 [0x011CAEA4+44708]
	Ordinal0 [0x011C619E+24990]
	Ordinal0 [0x011F1270+201328]
	Ordinal0 [0x011F0E98+200344]
	Ordinal0 [0x011F1DA7+204199]
	Ordinal0 [0x011F1D0D+204045]
	Ordinal0 [0x011EFC1B+195611]
	Ordinal0 [0x011D3B7F+80767]
	Ordinal0 [0x011D4B4E+84814]
	Ordinal0 [0x011D4AD9+84697]
	Ordinal0 [0x013CCE64+2149988]
	GetHandleVerifier [0x0163BE95+1400773]
	GetHandleVerifier [0x0163BB61+1399953]
	GetHandleVerifier [0x016431FA+1430314]
	GetHandleVerifier [0x0163C69F+1402831]
	Ordinal0 [0x013C3D61+2112865]
	Ordinal0 [0x013CE5CB+2155979]
	Ordinal0 [0x013CE6F5+2156277]
	Ordinal0 [0x013DF26E+2224750]
	BaseThreadInitThunk [0x777C6A14+36]
	RtlInitializeExceptionChain [0x77D1AB4F+143]
	RtlInitializeExceptionChain [0x77D1AB1A+90]
">
      <![CDATA[org.openqa.selenium.InvalidArgumentException: invalid argument: entry 0 of 'firstMatch' is invalid
from invalid argument: cannot parse capability: goog:chromeOptions
from invalid argument: unrecognized chrome option: Prefs
Build info: version: '3.141.59', revision: 'e82be7d358', time: '2018-11-14T08:17:03'
System info: host: 'VENKATESH', ip: '192.168.0.118', os.name: 'Windows 8.1', os.arch: 'amd64', os.version: '6.3', java.version: '1.8.0_151'
Driver info: driver.version: ChromeDriver
remote stacktrace: Backtrace:
Ordinal0 [0x014CC013+3194899]
Ordinal0 [0x013B6021+2056225]
Ordinal0 [0x0124F608+587272]
Ordinal0 [0x011C814F+33103]
Ordinal0 [0x011CAEA4+44708]
Ordinal0 [0x011C619E+24990]
Ordinal0 [0x011F1270+201328]
Ordinal0 [0x011F0E98+200344]
Ordinal0 [0x011F1DA7+204199]
Ordinal0 [0x011F1D0D+204045]
Ordinal0 [0x011EFC1B+195611]
Ordinal0 [0x011D3B7F+80767]
Ordinal0 [0x011D4B4E+84814]
Ordinal0 [0x011D4AD9+84697]
Ordinal0 [0x013CCE64+2149988]
GetHandleVerifier [0x0163BE95+1400773]
GetHandleVerifier [0x0163BB61+1399953]
GetHandleVerifier [0x016431FA+1430314]
GetHandleVerifier [0x0163C69F+1402831]
Ordinal0 [0x013C3D61+2112865]
Ordinal0 [0x013CE5CB+2155979]
Ordinal0 [0x013CE6F5+2156277]
Ordinal0 [0x013DF26E+2224750]
BaseThreadInitThunk [0x777C6A14+36]
RtlInitializeExceptionChain [0x77D1AB4F+143]
RtlInitializeExceptionChain [0x77D1AB1A+90]

at sun.reflect.NativeConstructorAccessorImpl.newInstance0(Native Method)
at sun.reflect.NativeConstructorAccessorImpl.newInstance(NativeConstructorAccessorImpl.java:62)
at sun.reflect.DelegatingConstructorAccessorImpl.newInstance(DelegatingConstructorAccessorImpl.java:45)
at java.lang.reflect.Constructor.newInstance(Constructor.java:423)
at org.openqa.selenium.remote.W3CHandshakeResponse.lambda$errorHandler$0(W3CHandshakeResponse.java:62)
at org.openqa.selenium.remote.HandshakeResponse.lambda$getResponseFunction$0(HandshakeResponse.java:30)
at org.openqa.selenium.remote.ProtocolHandshake.lambda$createSession$0(ProtocolHandshake.java:126)
at java.util.stream.ReferencePipeline$3$1.accept(ReferencePipeline.java:193)
at java.util.Spliterators$ArraySpliterator.tryAdvance(Spliterators.java:958)
at java.util.stream.ReferencePipeline.forEachWithCancel(ReferencePipeline.java:126)
at java.util.stream.AbstractPipeline.copyIntoWithCancel(AbstractPipeline.java:498)
at java.util.stream.AbstractPipeline.copyInto(AbstractPipeline.java:485)
at java.util.stream.AbstractPipeline.wrapAndCopyInto(AbstractPipeline.java:471)
at java.util.stream.FindOps$FindOp.evaluateSequential(FindOps.java:152)
at java.util.stream.AbstractPipeline.evaluate(AbstractPipeline.java:234)
at java.util.stream.ReferencePipeline.findFirst(ReferencePipeline.java:464)
at org.openqa.selenium.remote.ProtocolHandshake.createSession(ProtocolHandshake.java:128)
at org.openqa.selenium.remote.ProtocolHandshake.createSession(ProtocolHandshake.java:74)
at org.openqa.selenium.remote.HttpCommandExecutor.execute(HttpCommandExecutor.java:136)
at org.openqa.selenium.remote.service.DriverCommandExecutor.execute(DriverCommandExecutor.java:83)
at org.openqa.selenium.remote.RemoteWebDriver.execute(RemoteWebDriver.java:552)
at org.openqa.selenium.remote.RemoteWebDriver.startSession(RemoteWebDriver.java:213)
at org.openqa.selenium.remote.RemoteWebDriver.<init>(RemoteWebDriver.java:131)
at org.openqa.selenium.chrome.ChromeDriver.<init>(ChromeDriver.java:181)
at org.openqa.selenium.chrome.ChromeDriver.<init>(ChromeDriver.java:168)
at org.openqa.selenium.chrome.ChromeDriver.<init>(ChromeDriver.java:157)
at resources.base.initializeDriver(base.java:48)
at TestCases.homePage.setUp(homePage.java:23)
at sun.reflect.NativeMethodAccessorImpl.invoke0(Native Method)
at sun.reflect.NativeMethodAccessorImpl.invoke(NativeMethodAccessorImpl.java:62)
at sun.reflect.DelegatingMethodAccessorImpl.invoke(DelegatingMethodAccessorImpl.java:43)
at java.lang.reflect.Method.invoke(Method.java:498)
at org.testng.internal.MethodInvocationHelper.invokeMethod(MethodInvocationHelper.java:132)
at org.testng.internal.MethodInvocationHelper.invokeMethodConsideringTimeout(MethodInvocationHelper.java:61)
at org.testng.internal.ConfigInvoker.invokeConfigurationMethod(ConfigInvoker.java:366)
at org.testng.internal.ConfigInvoker.invokeConfigurations(ConfigInvoker.java:320)
at org.testng.TestRunner.invokeTestConfigurations(TestRunner.java:617)
at org.testng.TestRunner.beforeRun(TestRunner.java:607)
at org.testng.TestRunner.run(TestRunner.java:578)
at org.testng.SuiteRunner.runTest(SuiteRunner.java:384)
at org.testng.SuiteRunner.runSequentially(SuiteRunner.java:378)
at org.testng.SuiteRunner.privateRun(SuiteRunner.java:337)
at org.testng.SuiteRunner.run(SuiteRunner.java:286)
at org.testng.SuiteRunnerWorker.runSuite(SuiteRunnerWorker.java:53)
at org.testng.SuiteRunnerWorker.run(SuiteRunnerWorker.java:96)
at org.testng.TestNG.runSuitesSequentially(TestNG.java:1218)
at org.testng.TestNG.runSuitesLocally(TestNG.java:1140)
at org.testng.TestNG.runSuites(TestNG.java:1069)
at org.testng.TestNG.run(TestNG.java:1037)
at org.apache.maven.surefire.testng.TestNGExecutor.run(TestNGExecutor.java:283)
at org.apache.maven.surefire.testng.TestNGXmlTestSuite.execute(TestNGXmlTestSuite.java:75)
at org.apache.maven.surefire.testng.TestNGProvider.invoke(TestNGProvider.java:120)
at org.apache.maven.surefire.booter.ForkedBooter.invokeProviderInSameClassLoader(ForkedBooter.java:384)
at org.apache.maven.surefire.booter.ForkedBooter.runSuitesInProcess(ForkedBooter.java:345)
at org.apache.maven.surefire.booter.ForkedBooter.execute(ForkedBooter.java:126)
at org.apache.maven.surefire.booter.ForkedBooter.main(ForkedBooter.java:418)
]]>
    </error>
  </testcase> <!-- setUp -->
  <system-out/>
</testsuite> <!-- TestCases.homePage -->
